# JRE version: OpenJDK Runtime Environment (8.0_282-b08) (build 1.8.0_282-b08)
# Java VM: OpenJDK 64-Bit Server VM (25.282-b08 mixed mode windows-amd64 compressed oops)
Heap:
 PSYoungGen      total 17408K, used 5832K [0x00000000feb00000, 0x0000000100000000, 0x0000000100000000)
  eden space 13824K, 30% used [0x00000000feb00000,0x00000000fef12100,0x00000000ff880000)
  from space 3584K, 46% used [0x00000000ffc80000,0x00000000ffe20000,0x0000000100000000)
  to   space 3584K, 0% used [0x00000000ff880000,0x00000000ff880000,0x00000000ffc00000)
 ParOldGen       total 44032K, used 13198K [0x00000000fc000000, 0x00000000feb00000, 0x00000000feb00000)
  object space 44032K, 29% used [0x00000000fc000000,0x00000000fcce3850,0x00000000feb00000)
 Metaspace       used 12757K, capacity 12990K, committed 13312K, reserved 1060864K
  class space    used 1625K, capacity 1733K, committed 1792K, reserved 1048576K
GC Heap History (10 events):
Event: 117.878 GC heap before
{Heap before GC invocations=26 (full 0):
 PSYoungGen      total 16384K, used 13376K [0x00000000feb00000, 0x0000000100000000, 0x0000000100000000)
  eden space 11776K, 100% used [0x00000000feb00000,0x00000000ff680000,0x00000000ff680000)
  from space 4608K, 34% used [0x00000000ff680000,0x00000000ff810000,0x00000000ffb00000)
  to   space 4096K, 0% used [0x00000000ffc00000,0x00000000ffc00000,0x0000000100000000)
 ParOldGen       total 44032K, used 13046K [0x00000000fc000000, 0x00000000feb00000, 0x00000000feb00000)
  object space 44032K, 29% used [0x00000000fc000000,0x00000000fccbd850,0x00000000feb00000)
 Metaspace       used 12648K, capacity 12990K, committed 13312K, reserved 1060864K
  class space    used 1614K, capacity 1733K, committed 1792K, reserved 1048576K
Event: 117.881 GC heap after
Heap after GC invocations=26 (full 0):
 PSYoungGen      total 17408K, used 1600K [0x00000000feb00000, 0x0000000100000000, 0x0000000100000000)
  eden space 13312K, 0% used [0x00000000feb00000,0x00000000feb00000,0x00000000ff800000)
  from space 4096K, 39% used [0x00000000ffc00000,0x00000000ffd90000,0x0000000100000000)
  to   space 4096K, 0% used [0x00000000ff800000,0x00000000ff800000,0x00000000ffc00000)
 ParOldGen       total 44032K, used 13086K [0x00000000fc000000, 0x00000000feb00000, 0x00000000feb00000)
  object space 44032K, 29% used [0x00000000fc000000,0x00000000fccc7850,0x00000000feb00000)
 Metaspace       used 12648K, capacity 12990K, committed 13312K, reserved 1060864K
  class space    used 1614K, capacity 1733K, committed 1792K, reserved 1048576K
}
Event: 125.790 GC heap before
{Heap before GC invocations=27 (full 0):
 PSYoungGen      total 17408K, used 14912K [0x00000000feb00000, 0x0000000100000000, 0x0000000100000000)
  eden space 13312K, 100% used [0x00000000feb00000,0x00000000ff800000,0x00000000ff800000)
  from space 4096K, 39% used [0x00000000ffc00000,0x00000000ffd90000,0x0000000100000000)
  to   space 4096K, 0% used [0x00000000ff800000,0x00000000ff800000,0x00000000ffc00000)
 ParOldGen       total 44032K, used 13086K [0x00000000fc000000, 0x00000000feb00000, 0x00000000feb00000)
  object space 44032K, 29% used [0x00000000fc000000,0x00000000fccc7850,0x00000000feb00000)
 Metaspace       used 12665K, capacity 12990K, committed 13312K, reserved 1060864K
  class space    used 1614K, capacity 1733K, committed 1792K, reserved 1048576K
Event: 125.794 GC heap after
Heap after GC invocations=27 (full 0):
 PSYoungGen      total 17408K, used 1888K [0x00000000feb00000, 0x0000000100000000, 0x0000000100000000)
  eden space 13312K, 0% used [0x00000000feb00000,0x00000000feb00000,0x00000000ff800000)
  from space 4096K, 46% used [0x00000000ff800000,0x00000000ff9d8000,0x00000000ffc00000)
  to   space 4096K, 0% used [0x00000000ffc00000,0x00000000ffc00000,0x0000000100000000)
 ParOldGen       total 44032K, used 13126K [0x00000000fc000000, 0x00000000feb00000, 0x00000000feb00000)
  object space 44032K, 29% used [0x00000000fc000000,0x00000000fccd1850,0x00000000feb00000)
 Metaspace       used 12665K, capacity 12990K, committed 13312K, reserved 1060864K
  class space    used 1614K, capacity 1733K, committed 1792K, reserved 1048576K
}
Event: 136.313 GC heap before
{Heap before GC invocations=28 (full 0):
 PSYoungGen      total 17408K, used 15200K [0x00000000feb00000, 0x0000000100000000, 0x0000000100000000)
  eden space 13312K, 100% used [0x00000000feb00000,0x00000000ff800000,0x00000000ff800000)
  from space 4096K, 46% used [0x00000000ff800000,0x00000000ff9d8000,0x00000000ffc00000)
  to   space 4096K, 0% used [0x00000000ffc00000,0x00000000ffc00000,0x0000000100000000)
 ParOldGen       total 44032K, used 13126K [0x00000000fc000000, 0x00000000feb00000, 0x00000000feb00000)
  object space 44032K, 29% used [0x00000000fc000000,0x00000000fccd1850,0x00000000feb00000)
 Metaspace       used 12668K, capacity 12990K, committed 13312K, reserved 1060864K
  class space    used 1614K, capacity 1733K, committed 1792K, reserved 1048576K
Event: 136.316 GC heap after
Heap after GC invocations=28 (full 0):
 PSYoungGen      total 17920K, used 1824K [0x00000000feb00000, 0x0000000100000000, 0x0000000100000000)
  eden space 13824K, 0% used [0x00000000feb00000,0x00000000feb00000,0x00000000ff880000)
  from space 4096K, 44% used [0x00000000ffc00000,0x00000000ffdc8000,0x0000000100000000)
  to   space 3584K, 0% used [0x00000000ff880000,0x00000000ff880000,0x00000000ffc00000)
 ParOldGen       total 44032K, used 13150K [0x00000000fc000000, 0x00000000feb00000, 0x00000000feb00000)
  object space 44032K, 29% used [0x00000000fc000000,0x00000000fccd7850,0x00000000feb00000)
 Metaspace       used 12668K, capacity 12990K, committed 13312K, reserved 1060864K
  class space    used 1614K, capacity 1733K, committed 1792K, reserved 1048576K
}
Event: 144.257 GC heap before
{Heap before GC invocations=29 (full 0):
 PSYoungGen      total 17920K, used 15648K [0x00000000feb00000, 0x0000000100000000, 0x0000000100000000)
  eden space 13824K, 100% used [0x00000000feb00000,0x00000000ff880000,0x00000000ff880000)
  from space 4096K, 44% used [0x00000000ffc00000,0x00000000ffdc8000,0x0000000100000000)
  to   space 3584K, 0% used [0x00000000ff880000,0x00000000ff880000,0x00000000ffc00000)
 ParOldGen       total 44032K, used 13150K [0x00000000fc000000, 0x00000000feb00000, 0x00000000feb00000)
  object space 44032K, 29% used [0x00000000fc000000,0x00000000fccd7850,0x00000000feb00000)
 Metaspace       used 12669K, capacity 12990K, committed 13312K, reserved 1060864K
  class space    used 1614K, capacity 1733K, committed 1792K, reserved 1048576K
Event: 144.259 GC heap after
Heap after GC invocations=29 (full 0):
 PSYoungGen      total 17408K, used 1632K [0x00000000feb00000, 0x0000000100000000, 0x0000000100000000)
  eden space 13824K, 0% used [0x00000000feb00000,0x00000000feb00000,0x00000000ff880000)
  from space 3584K, 45% used [0x00000000ff880000,0x00000000ffa18000,0x00000000ffc00000)
  to   space 3584K, 0% used [0x00000000ffc80000,0x00000000ffc80000,0x0000000100000000)
 ParOldGen       total 44032K, used 13182K [0x00000000fc000000, 0x00000000feb00000, 0x00000000feb00000)
  object space 44032K, 29% used [0x00000000fc000000,0x00000000fccdf850,0x00000000feb00000)
 Metaspace       used 12669K, capacity 12990K, committed 13312K, reserved 1060864K
  class space    used 1614K, capacity 1733K, committed 1792K, reserved 1048576K
}
Event: 150.268 GC heap before
{Heap before GC invocations=30 (full 0):
 PSYoungGen      total 17408K, used 15456K [0x00000000feb00000, 0x0000000100000000, 0x0000000100000000)
  eden space 13824K, 100% used [0x00000000feb00000,0x00000000ff880000,0x00000000ff880000)
  from space 3584K, 45% used [0x00000000ff880000,0x00000000ffa18000,0x00000000ffc00000)
  to   space 3584K, 0% used [0x00000000ffc80000,0x00000000ffc80000,0x0000000100000000)
 ParOldGen       total 44032K, used 13182K [0x00000000fc000000, 0x00000000feb00000, 0x00000000feb00000)
  object space 44032K, 29% used [0x00000000fc000000,0x00000000fccdf850,0x00000000feb00000)
 Metaspace       used 12680K, capacity 12990K, committed 13312K, reserved 1060864K
  class space    used 1614K, capacity 1733K, committed 1792K, reserved 1048576K
Event: 150.277 GC heap after
Heap after GC invocations=30 (full 0):
 PSYoungGen      total 17408K, used 1664K [0x00000000feb00000, 0x0000000100000000, 0x0000000100000000)
  eden space 13824K, 0% used [0x00000000feb00000,0x00000000feb00000,0x00000000ff880000)
  from space 3584K, 46% used [0x00000000ffc80000,0x00000000ffe20000,0x0000000100000000)
  to   space 3584K, 0% used [0x00000000ff880000,0x00000000ff880000,0x00000000ffc00000)
 ParOldGen       total 44032K, used 13198K [0x00000000fc000000, 0x00000000feb00000, 0x00000000feb00000)
  object space 44032K, 29% used [0x00000000fc000000,0x00000000fcce3850,0x00000000feb00000)
 Metaspace       used 12680K, capacity 12990K, committed 13312K, reserved 1060864K
  class space    used 1614K, capacity 1733K, committed 1792K, reserved 1048576K
}

